<?xml version="1.0" encoding="UTF-8"?>
<!-- Generated by org.testng.reporters.JUnitReportReporter -->
<testsuite hostname="jPogi" failures="0" tests="4" name="appiumJava.testqa.runners.TestRunner" time="85.092" errors="0" timestamp="2025-07-21T22:32:03 NZST" skipped="0">
  <testcase classname="appiumJava.testqa.runners.TestRunner" name="runScenario" time="36.719"/>
  <testcase classname="appiumJava.testqa.runners.TestRunner" name="runScenario" time="18.138"/>
  <testcase classname="appiumJava.testqa.runners.TestRunner" name="runScenario" time="13.159"/>
  <testcase classname="appiumJava.testqa.runners.TestRunner" name="runScenario" time="17.076"/>
</testsuite> <!-- appiumJava.testqa.runners.TestRunner -->
