<?xml version="1.0" encoding="UTF-8"?>
<!-- Generated by org.testng.reporters.JUnitReportReporter -->
<testsuite hostname="jPogi" failures="0" tests="1" name="appiumJava.testqa.runners.TestRunner" time="16.778" errors="0" timestamp="2025-07-22T16:33:17 NZST" skipped="0">
  <testcase classname="appiumJava.testqa.runners.TestRunner" name="runScenario" time="16.778"/>
</testsuite> <!-- appiumJava.testqa.runners.TestRunner -->
